# JRE version: OpenJDK Runtime Environment (8.0_242-b01) (build 1.8.0_242-release-1644-b01)
# Java VM: OpenJDK 64-Bit Server VM (25.242-b01 mixed mode windows-amd64 compressed oops)
Heap:
 PSYoungGen      total 276992K, used 60432K [0x00000000d5580000, 0x00000000eb380000, 0x0000000100000000)
  eden space 252928K, 14% used [0x00000000d5580000,0x00000000d7904360,0x00000000e4c80000)
  from space 24064K, 100% used [0x00000000e4c80000,0x00000000e6400000,0x00000000e6400000)
  to   space 29184K, 0% used [0x00000000e9700000,0x00000000e9700000,0x00000000eb380000)
 ParOldGen       total 99840K, used 71150K [0x0000000080000000, 0x0000000086180000, 0x00000000d5580000)
  object space 99840K, 71% used [0x0000000080000000,0x000000008457bbc8,0x0000000086180000)
 Metaspace       used 85673K, capacity 89932K, committed 90008K, reserved 1126400K
  class space    used 11306K, capacity 12136K, committed 12200K, reserved 1048576K
GC Heap History (10 events):
Event: 46.732 GC heap before
{Heap before GC invocations=22 (full 3):
 PSYoungGen      total 190976K, used 179702K [0x00000000d5580000, 0x00000000e3600000, 0x0000000100000000)
  eden space 167936K, 100% used [0x00000000d5580000,0x00000000df980000,0x00000000df980000)
  from space 23040K, 51% used [0x00000000e0f80000,0x00000000e1afd868,0x00000000e2600000)
  to   space 22528K, 0% used [0x00000000df980000,0x00000000df980000,0x00000000e0f80000)
 ParOldGen       total 99840K, used 44379K [0x0000000080000000, 0x0000000086180000, 0x00000000d5580000)
  object space 99840K, 44% used [0x0000000080000000,0x0000000082b56db8,0x0000000086180000)
 Metaspace       used 68545K, capacity 71580K, committed 71832K, reserved 1112064K
  class space    used 9327K, capacity 9895K, committed 9896K, reserved 1048576K
Event: 46.755 GC heap after
Heap after GC invocations=22 (full 3):
 PSYoungGen      total 190464K, used 3832K [0x00000000d5580000, 0x00000000e5080000, 0x0000000100000000)
  eden space 167936K, 0% used [0x00000000d5580000,0x00000000d5580000,0x00000000df980000)
  from space 22528K, 17% used [0x00000000df980000,0x00000000dfd3e248,0x00000000e0f80000)
  to   space 22016K, 0% used [0x00000000e3b00000,0x00000000e3b00000,0x00000000e5080000)
 ParOldGen       total 99840K, used 52610K [0x0000000080000000, 0x0000000086180000, 0x00000000d5580000)
  object space 99840K, 52% used [0x0000000080000000,0x0000000083360a48,0x0000000086180000)
 Metaspace       used 68545K, capacity 71580K, committed 71832K, reserved 1112064K
  class space    used 9327K, capacity 9895K, committed 9896K, reserved 1048576K
}
Event: 49.541 GC heap before
{Heap before GC invocations=23 (full 3):
 PSYoungGen      total 190464K, used 171768K [0x00000000d5580000, 0x00000000e5080000, 0x0000000100000000)
  eden space 167936K, 100% used [0x00000000d5580000,0x00000000df980000,0x00000000df980000)
  from space 22528K, 17% used [0x00000000df980000,0x00000000dfd3e248,0x00000000e0f80000)
  to   space 22016K, 0% used [0x00000000e3b00000,0x00000000e3b00000,0x00000000e5080000)
 ParOldGen       total 99840K, used 52619K [0x0000000080000000, 0x0000000086180000, 0x00000000d5580000)
  object space 99840K, 52% used [0x0000000080000000,0x0000000083362f80,0x0000000086180000)
 Metaspace       used 69804K, capacity 72894K, committed 73112K, reserved 1112064K
  class space    used 9459K, capacity 10062K, committed 10152K, reserved 1048576K
Event: 49.568 GC heap after
Heap after GC invocations=23 (full 3):
 PSYoungGen      total 228864K, used 3491K [0x00000000d5580000, 0x00000000e4d80000, 0x0000000100000000)
  eden space 209920K, 0% used [0x00000000d5580000,0x00000000d5580000,0x00000000e2280000)
  from space 18944K, 18% used [0x00000000e3b00000,0x00000000e3e68ea8,0x00000000e4d80000)
  to   space 22016K, 0% used [0x00000000e2280000,0x00000000e2280000,0x00000000e3800000)
 ParOldGen       total 99840K, used 55623K [0x0000000080000000, 0x0000000086180000, 0x00000000d5580000)
  object space 99840K, 55% used [0x0000000080000000,0x0000000083651cd8,0x0000000086180000)
 Metaspace       used 69804K, capacity 72894K, committed 73112K, reserved 1112064K
  class space    used 9459K, capacity 10062K, committed 10152K, reserved 1048576K
}
Event: 57.525 GC heap before
{Heap before GC invocations=24 (full 3):
 PSYoungGen      total 228864K, used 213411K [0x00000000d5580000, 0x00000000e4d80000, 0x0000000100000000)
  eden space 209920K, 100% used [0x00000000d5580000,0x00000000e2280000,0x00000000e2280000)
  from space 18944K, 18% used [0x00000000e3b00000,0x00000000e3e68ea8,0x00000000e4d80000)
  to   space 22016K, 0% used [0x00000000e2280000,0x00000000e2280000,0x00000000e3800000)
 ParOldGen       total 99840K, used 55623K [0x0000000080000000, 0x0000000086180000, 0x00000000d5580000)
  object space 99840K, 55% used [0x0000000080000000,0x0000000083651cd8,0x0000000086180000)
 Metaspace       used 78935K, capacity 82614K, committed 82840K, reserved 1120256K
  class space    used 10663K, capacity 11364K, committed 11432K, reserved 1048576K
Event: 57.559 GC heap after
Heap after GC invocations=24 (full 3):
 PSYoungGen      total 231936K, used 18271K [0x00000000d5580000, 0x00000000e7f80000, 0x0000000100000000)
  eden space 209920K, 0% used [0x00000000d5580000,0x00000000d5580000,0x00000000e2280000)
  from space 22016K, 82% used [0x00000000e2280000,0x00000000e3457cd0,0x00000000e3800000)
  to   space 24064K, 0% used [0x00000000e6800000,0x00000000e6800000,0x00000000e7f80000)
 ParOldGen       total 99840K, used 57421K [0x0000000080000000, 0x0000000086180000, 0x00000000d5580000)
  object space 99840K, 57% used [0x0000000080000000,0x0000000083813730,0x0000000086180000)
 Metaspace       used 78935K, capacity 82614K, committed 82840K, reserved 1120256K
  class space    used 10663K, capacity 11364K, committed 11432K, reserved 1048576K
}
Event: 61.062 GC heap before
{Heap before GC invocations=25 (full 3):
 PSYoungGen      total 231936K, used 228191K [0x00000000d5580000, 0x00000000e7f80000, 0x0000000100000000)
  eden space 209920K, 100% used [0x00000000d5580000,0x00000000e2280000,0x00000000e2280000)
  from space 22016K, 82% used [0x00000000e2280000,0x00000000e3457cd0,0x00000000e3800000)
  to   space 24064K, 0% used [0x00000000e6800000,0x00000000e6800000,0x00000000e7f80000)
 ParOldGen       total 99840K, used 57421K [0x0000000080000000, 0x0000000086180000, 0x00000000d5580000)
  object space 99840K, 57% used [0x0000000080000000,0x0000000083813730,0x0000000086180000)
 Metaspace       used 79335K, capacity 83018K, committed 83096K, reserved 1120256K
  class space    used 10695K, capacity 11404K, committed 11432K, reserved 1048576K
Event: 61.093 GC heap after
Heap after GC invocations=25 (full 3):
 PSYoungGen      total 272896K, used 13331K [0x00000000d5580000, 0x00000000e7b80000, 0x0000000100000000)
  eden space 252928K, 0% used [0x00000000d5580000,0x00000000d5580000,0x00000000e4c80000)
  from space 19968K, 66% used [0x00000000e6800000,0x00000000e7504d18,0x00000000e7b80000)
  to   space 24064K, 0% used [0x00000000e4c80000,0x00000000e4c80000,0x00000000e6400000)
 ParOldGen       total 99840K, used 67213K [0x0000000080000000, 0x0000000086180000, 0x00000000d5580000)
  object space 99840K, 67% used [0x0000000080000000,0x00000000841a3650,0x0000000086180000)
 Metaspace       used 79335K, capacity 83018K, committed 83096K, reserved 1120256K
  class space    used 10695K, capacity 11404K, committed 11432K, reserved 1048576K
}
Event: 724.737 GC heap before
{Heap before GC invocations=26 (full 3):
 PSYoungGen      total 272896K, used 266259K [0x00000000d5580000, 0x00000000e7b80000, 0x0000000100000000)
  eden space 252928K, 100% used [0x00000000d5580000,0x00000000e4c80000,0x00000000e4c80000)
  from space 19968K, 66% used [0x00000000e6800000,0x00000000e7504d18,0x00000000e7b80000)
  to   space 24064K, 0% used [0x00000000e4c80000,0x00000000e4c80000,0x00000000e6400000)
 ParOldGen       total 99840K, used 67213K [0x0000000080000000, 0x0000000086180000, 0x00000000d5580000)
  object space 99840K, 67% used [0x0000000080000000,0x00000000841a3650,0x0000000086180000)
 Metaspace       used 85174K, capacity 89348K, committed 89624K, reserved 1126400K
  class space    used 11235K, capacity 12046K, committed 12072K, reserved 1048576K
Event: 729.140 GC heap after
Heap after GC invocations=26 (full 3):
 PSYoungGen      total 276992K, used 24064K [0x00000000d5580000, 0x00000000eb380000, 0x0000000100000000)
  eden space 252928K, 0% used [0x00000000d5580000,0x00000000d5580000,0x00000000e4c80000)
  from space 24064K, 100% used [0x00000000e4c80000,0x00000000e6400000,0x00000000e6400000)
  to   space 29184K, 0% used [0x00000000e9700000,0x00000000e9700000,0x00000000eb380000)
 ParOldGen       total 99840K, used 71150K [0x0000000080000000, 0x0000000086180000, 0x00000000d5580000)
  object space 99840K, 71% used [0x0000000080000000,0x000000008457bbc8,0x0000000086180000)
 Metaspace       used 85174K, capacity 89348K, committed 89624K, reserved 1126400K
  class space    used 11235K, capacity 12046K, committed 12072K, reserved 1048576K
}

