# JRE version: OpenJDK Runtime Environment (8.0_242-b01) (build 1.8.0_242-release-1644-b01)
# Java VM: OpenJDK 64-Bit Server VM (25.242-b01 mixed mode windows-amd64 compressed oops)
Heap:
 PSYoungGen      total 206336K, used 43537K [0x00000000d5580000, 0x00000000e5e80000, 0x0000000100000000)
  eden space 193024K, 15% used [0x00000000d5580000,0x00000000d730c168,0x00000000e1200000)
  from space 13312K, 99% used [0x00000000e1200000,0x00000000e1ef8440,0x00000000e1f00000)
  to   space 18944K, 0% used [0x00000000e4c00000,0x00000000e4c00000,0x00000000e5e80000)
 ParOldGen       total 51200K, used 25993K [0x0000000080000000, 0x0000000083200000, 0x00000000d5580000)
  object space 51200K, 50% used [0x0000000080000000,0x0000000081962788,0x0000000083200000)
 Metaspace       used 51976K, capacity 53696K, committed 53928K, reserved 1095680K
  class space    used 6906K, capacity 7289K, committed 7336K, reserved 1048576K
GC Heap History (10 events):
Event: 13.922 GC heap before
{Heap before GC invocations=9 (full 1):
 PSYoungGen      total 138240K, used 4112K [0x00000000d5580000, 0x00000000de680000, 0x0000000100000000)
  eden space 129024K, 0% used [0x00000000d5580000,0x00000000d5580000,0x00000000dd380000)
  from space 9216K, 44% used [0x00000000ddd80000,0x00000000de184040,0x00000000de680000)
  to   space 9728K, 0% used [0x00000000dd380000,0x00000000dd380000,0x00000000ddd00000)
 ParOldGen       total 44032K, used 8864K [0x0000000080000000, 0x0000000082b00000, 0x00000000d5580000)
  object space 44032K, 20% used [0x0000000080000000,0x00000000808a8028,0x0000000082b00000)
 Metaspace       used 20577K, capacity 21224K, committed 21296K, reserved 1067008K
  class space    used 2875K, capacity 3084K, committed 3120K, reserved 1048576K
Event: 14.005 GC heap after
Heap after GC invocations=9 (full 1):
 PSYoungGen      total 138240K, used 0K [0x00000000d5580000, 0x00000000de680000, 0x0000000100000000)
  eden space 129024K, 0% used [0x00000000d5580000,0x00000000d5580000,0x00000000dd380000)
  from space 9216K, 0% used [0x00000000ddd80000,0x00000000ddd80000,0x00000000de680000)
  to   space 9728K, 0% used [0x00000000dd380000,0x00000000dd380000,0x00000000ddd00000)
 ParOldGen       total 29184K, used 7050K [0x0000000080000000, 0x0000000081c80000, 0x00000000d5580000)
  object space 29184K, 24% used [0x0000000080000000,0x00000000806e2a58,0x0000000081c80000)
 Metaspace       used 20577K, capacity 21224K, committed 21296K, reserved 1067008K
  class space    used 2875K, capacity 3084K, committed 3120K, reserved 1048576K
}
Event: 20.435 GC heap before
{Heap before GC invocations=10 (full 1):
 PSYoungGen      total 138240K, used 129024K [0x00000000d5580000, 0x00000000de680000, 0x0000000100000000)
  eden space 129024K, 100% used [0x00000000d5580000,0x00000000dd380000,0x00000000dd380000)
  from space 9216K, 0% used [0x00000000ddd80000,0x00000000ddd80000,0x00000000de680000)
  to   space 9728K, 0% used [0x00000000dd380000,0x00000000dd380000,0x00000000ddd00000)
 ParOldGen       total 29184K, used 7050K [0x0000000080000000, 0x0000000081c80000, 0x00000000d5580000)
  object space 29184K, 24% used [0x0000000080000000,0x00000000806e2a58,0x0000000081c80000)
 Metaspace       used 32014K, capacity 32752K, committed 33072K, reserved 1077248K
  class space    used 4353K, capacity 4574K, committed 4656K, reserved 1048576K
Event: 20.509 GC heap after
Heap after GC invocations=10 (full 1):
 PSYoungGen      total 138752K, used 9706K [0x00000000d5580000, 0x00000000e2d80000, 0x0000000100000000)
  eden space 129024K, 0% used [0x00000000d5580000,0x00000000d5580000,0x00000000dd380000)
  from space 9728K, 99% used [0x00000000dd380000,0x00000000ddcfaa70,0x00000000ddd00000)
  to   space 12800K, 0% used [0x00000000e2100000,0x00000000e2100000,0x00000000e2d80000)
 ParOldGen       total 29184K, used 10799K [0x0000000080000000, 0x0000000081c80000, 0x00000000d5580000)
  object space 29184K, 37% used [0x0000000080000000,0x0000000080a8bd78,0x0000000081c80000)
 Metaspace       used 32014K, capacity 32752K, committed 33072K, reserved 1077248K
  class space    used 4353K, capacity 4574K, committed 4656K, reserved 1048576K
}
Event: 23.417 GC heap before
{Heap before GC invocations=11 (full 1):
 PSYoungGen      total 138752K, used 63713K [0x00000000d5580000, 0x00000000e2d80000, 0x0000000100000000)
  eden space 129024K, 41% used [0x00000000d5580000,0x00000000d8a3d9c8,0x00000000dd380000)
  from space 9728K, 99% used [0x00000000dd380000,0x00000000ddcfaa70,0x00000000ddd00000)
  to   space 12800K, 0% used [0x00000000e2100000,0x00000000e2100000,0x00000000e2d80000)
 ParOldGen       total 29184K, used 10799K [0x0000000080000000, 0x0000000081c80000, 0x00000000d5580000)
  object space 29184K, 37% used [0x0000000080000000,0x0000000080a8bd78,0x0000000081c80000)
 Metaspace       used 34512K, capacity 35374K, committed 35496K, reserved 1079296K
  class space    used 4724K, capacity 4966K, committed 5032K, reserved 1048576K
Event: 23.438 GC heap after
Heap after GC invocations=11 (full 1):
 PSYoungGen      total 204288K, used 9601K [0x00000000d5580000, 0x00000000e2c00000, 0x0000000100000000)
  eden space 193024K, 0% used [0x00000000d5580000,0x00000000d5580000,0x00000000e1200000)
  from space 11264K, 85% used [0x00000000e2100000,0x00000000e2a60770,0x00000000e2c00000)
  to   space 13312K, 0% used [0x00000000e1200000,0x00000000e1200000,0x00000000e1f00000)
 ParOldGen       total 29184K, used 10807K [0x0000000080000000, 0x0000000081c80000, 0x00000000d5580000)
  object space 29184K, 37% used [0x0000000080000000,0x0000000080a8dd78,0x0000000081c80000)
 Metaspace       used 34512K, capacity 35374K, committed 35496K, reserved 1079296K
  class space    used 4724K, capacity 4966K, committed 5032K, reserved 1048576K
}
Event: 23.439 GC heap before
{Heap before GC invocations=12 (full 2):
 PSYoungGen      total 204288K, used 9601K [0x00000000d5580000, 0x00000000e2c00000, 0x0000000100000000)
  eden space 193024K, 0% used [0x00000000d5580000,0x00000000d5580000,0x00000000e1200000)
  from space 11264K, 85% used [0x00000000e2100000,0x00000000e2a60770,0x00000000e2c00000)
  to   space 13312K, 0% used [0x00000000e1200000,0x00000000e1200000,0x00000000e1f00000)
 ParOldGen       total 29184K, used 10807K [0x0000000080000000, 0x0000000081c80000, 0x00000000d5580000)
  object space 29184K, 37% used [0x0000000080000000,0x0000000080a8dd78,0x0000000081c80000)
 Metaspace       used 34512K, capacity 35374K, committed 35496K, reserved 1079296K
  class space    used 4724K, capacity 4966K, committed 5032K, reserved 1048576K
Event: 24.323 GC heap after
Heap after GC invocations=12 (full 2):
 PSYoungGen      total 204288K, used 0K [0x00000000d5580000, 0x00000000e2c00000, 0x0000000100000000)
  eden space 193024K, 0% used [0x00000000d5580000,0x00000000d5580000,0x00000000e1200000)
  from space 11264K, 0% used [0x00000000e2100000,0x00000000e2100000,0x00000000e2c00000)
  to   space 13312K, 0% used [0x00000000e1200000,0x00000000e1200000,0x00000000e1f00000)
 ParOldGen       total 51200K, used 16156K [0x0000000080000000, 0x0000000083200000, 0x00000000d5580000)
  object space 51200K, 31% used [0x0000000080000000,0x0000000080fc7000,0x0000000083200000)
 Metaspace       used 34512K, capacity 35374K, committed 35496K, reserved 1079296K
  class space    used 4724K, capacity 4966K, committed 5032K, reserved 1048576K
}
Event: 43.606 GC heap before
{Heap before GC invocations=13 (full 2):
 PSYoungGen      total 204288K, used 193024K [0x00000000d5580000, 0x00000000e2c00000, 0x0000000100000000)
  eden space 193024K, 100% used [0x00000000d5580000,0x00000000e1200000,0x00000000e1200000)
  from space 11264K, 0% used [0x00000000e2100000,0x00000000e2100000,0x00000000e2c00000)
  to   space 13312K, 0% used [0x00000000e1200000,0x00000000e1200000,0x00000000e1f00000)
 ParOldGen       total 51200K, used 16156K [0x0000000080000000, 0x0000000083200000, 0x00000000d5580000)
  object space 51200K, 31% used [0x0000000080000000,0x0000000080fc7000,0x0000000083200000)
 Metaspace       used 51098K, capacity 52670K, committed 52776K, reserved 1095680K
  class space    used 6777K, capacity 7145K, committed 7208K, reserved 1048576K
Event: 43.920 GC heap after
Heap after GC invocations=13 (full 2):
 PSYoungGen      total 206336K, used 13281K [0x00000000d5580000, 0x00000000e5e80000, 0x0000000100000000)
  eden space 193024K, 0% used [0x00000000d5580000,0x00000000d5580000,0x00000000e1200000)
  from space 13312K, 99% used [0x00000000e1200000,0x00000000e1ef8440,0x00000000e1f00000)
  to   space 18944K, 0% used [0x00000000e4c00000,0x00000000e4c00000,0x00000000e5e80000)
 ParOldGen       total 51200K, used 25993K [0x0000000080000000, 0x0000000083200000, 0x00000000d5580000)
  object space 51200K, 50% used [0x0000000080000000,0x0000000081962788,0x0000000083200000)
 Metaspace       used 51098K, capacity 52670K, committed 52776K, reserved 1095680K
  class space    used 6777K, capacity 7145K, committed 7208K, reserved 1048576K
}

